
2025-08-16 00:36:49,468: %UNICON-INFO: +++ r1 logfile r1-cli-1755304609.log +++

2025-08-16 00:36:49,468: %UNICON-INFO: +++ Unicon plugin iosxe (unicon.plugins.iosxe) +++
(cisco@10.0.0.248) Password: 

2025-08-16 00:36:51,616: %UNICON-INFO: +++ connection to spawn: ssh -l cisco 10.0.0.248 -p 22, id: 138389841394128 +++

2025-08-16 00:36:51,617: %UNICON-INFO: connection to r1




r1#

2025-08-16 00:36:51,668: %UNICON-INFO: Storing credentials from default as current_credentials

r1#

2025-08-16 00:36:51,796: %UNICON-INFO: +++ r1 with via 'cli': executing command 'show version | include operating mode' +++
show version | include operating mode
r1#

2025-08-16 00:36:52,241: %UNICON-INFO: +++ initializing handle +++

2025-08-16 00:36:52,364: %UNICON-INFO: +++ r1 with via 'cli': executing command 'term length 0' +++
term length 0
r1#

2025-08-16 00:36:52,850: %UNICON-INFO: +++ r1 with via 'cli': executing command 'term width 0' +++
term width 0
r1#

2025-08-16 00:36:53,326: %UNICON-INFO: +++ r1 with via 'cli': executing command 'show version' +++
show version
Cisco IOS Software [Dublin], Linux Software (X86_64BI_LINUX-ADVENTERPRISEK9-M), Version 17.12.1, RELEASE SOFTWARE (fc5)
Technical Support: http://www.cisco.com/techsupport
Copyright (c) 1986-2023 by Cisco Systems, Inc.
Compiled Thu 27-Jul-23 22:33 by mcpre

ROM: Bootstrap program is Linux

r1 uptime is 20 hours, 35 minutes
System returned to ROM by unknown reload cause - suspect boot_data[BOOT_COUNT] 0x9, BOOT_COUNT 0, BOOTDATA 19
System restarted at 04:01:05 UTC Fri Aug 15 2025
System image file is "unix:/x86_64_crb_linux-adventerprisek9-ms"
Last reload reason: Unknown reason



This product contains cryptographic features and is subject to United
States and local country laws governing import, export, transfer and
use. Delivery of Cisco cryptographic products does not imply
third-party authority to import, export, distribute or use encryption.
Importers, exporters, distributors and users are responsible for
compliance with U.S. and local country laws. By using this product you
agree to comply with applicable laws and regulations. If you are unable
to comply with U.S. and local laws, return this product immediately.

A summary of U.S. laws governing Cisco cryptographic products may be found at:
http://www.cisco.com/wwl/export/crypto/tool/stqrg.html

If you require further assistance please contact us by sending email to
export@cisco.com.

Linux Unix (i686) processor with 812259K bytes of memory.
Processor board ID 131184650
8 Ethernet interfaces
256K bytes of NVRAM.

Configuration register is 0x0

r1#

2025-08-16 00:36:53,659: %UNICON-INFO: +++ r1 with via 'cli': configure +++
config term
Enter configuration commands, one per line.  End with CNTL/Z.
r1(config)#no logging console
r1(config)#line console 0
r1(config-line)#exec-timeout 0
r1(config-line)#line vty 0 4
r1(config-line)#exec-timeout 0
r1(config-line)#end
r1#

2025-08-16 00:36:55,409: %UNICON-INFO: +++ r1 with via 'cli': executing command 'show install summary' +++
show install summary
show install summary
       ^
% Invalid input detected at '^' marker.

r1#

2025-08-16 00:36:55,559: %UNICON-ERROR: Could not learn the os version

2025-08-16 00:36:55,802: %UNICON-INFO: +++ r1 with via 'cli': executing command 'show clock' +++
show clock
00:36:56.018 UTC Sat Aug 16 2025
r1#
