
2025-08-16 00:36:21,010: %UNICON-INFO: +++ sw2-1 logfile sw2-1-cli-1755304581.log +++

2025-08-16 00:36:21,010: %UNICON-INFO: +++ Unicon plugin iosxe (unicon.plugins.iosxe) +++
(cisco@10.2.1.1) Password: 

2025-08-16 00:36:23,174: %UNICON-INFO: +++ connection to spawn: ssh -l cisco 10.2.1.1 -p 22, id: 124965961250192 +++

2025-08-16 00:36:23,174: %UNICON-INFO: connection to sw2-1




sw2-1#

2025-08-16 00:36:23,225: %UNICON-INFO: Storing credentials from default as current_credentials

sw2-1#

2025-08-16 00:36:23,360: %UNICON-INFO: +++ sw2-1 with via 'cli': executing command 'show version | include operating mode' +++
show version | include operating mode
sw2-1#

2025-08-16 00:36:23,589: %UNICON-INFO: +++ initializing handle +++

2025-08-16 00:36:23,711: %UNICON-INFO: +++ sw2-1 with via 'cli': executing command 'term length 0' +++
term length 0
sw2-1#

2025-08-16 00:36:23,967: %UNICON-INFO: +++ sw2-1 with via 'cli': executing command 'term width 0' +++
term width 0
sw2-1#

2025-08-16 00:36:24,230: %UNICON-INFO: +++ sw2-1 with via 'cli': executing command 'show version' +++
show version
Cisco IOS Software [Dublin], Linux Software (X86_64BI_LINUX_L2-ADVENTERPRISEK9-M), Version 17.12.1, RELEASE SOFTWARE (fc5)
Technical Support: http://www.cisco.com/techsupport
Copyright (c) 1986-2023 by Cisco Systems, Inc.
Compiled Thu 27-Jul-23 22:33 by mcpre

ROM: Bootstrap program is Linux

sw2-1 uptime is 20 hours, 35 minutes
System returned to ROM by unknown reload cause - suspect boot_data[BOOT_COUNT] 0x9, BOOT_COUNT 0, BOOTDATA 19
System image file is "unix:/x86_64_crb_linux_l2-adventerprisek9-ms"
Last reload reason: Unknown reason



This product contains cryptographic features and is subject to United
States and local country laws governing import, export, transfer and
use. Delivery of Cisco cryptographic products does not imply
third-party authority to import, export, distribute or use encryption.
Importers, exporters, distributors and users are responsible for
compliance with U.S. and local country laws. By using this product you
agree to comply with applicable laws and regulations. If you are unable
to comply with U.S. and local laws, return this product immediately.

A summary of U.S. laws governing Cisco cryptographic products may be found at:
http://www.cisco.com/wwl/export/crypto/tool/stqrg.html

If you require further assistance please contact us by sending email to
export@cisco.com.

Linux Unix (i686) processor with 805898K bytes of memory.
Processor board ID 131184654
8 Ethernet interfaces
256K bytes of NVRAM.

Configuration register is 0x0

sw2-1#

2025-08-16 00:36:24,373: %UNICON-INFO: +++ sw2-1 with via 'cli': configure +++
config term
Enter configuration commands, one per line.  End with CNTL/Z.
sw2-1(config)#no logging console
sw2-1(config)#line console 0
sw2-1(config-line)#exec-timeout 0
sw2-1(config-line)#line vty 0 4
sw2-1(config-line)#exec-timeout 0
sw2-1(config-line)#end
sw2-1#

2025-08-16 00:36:24,935: %UNICON-INFO: +++ sw2-1 with via 'cli': executing command 'show install summary' +++
show install summary
show install summary
       ^
% Invalid input detected at '^' marker.

sw2-1#

2025-08-16 00:36:25,091: %UNICON-ERROR: Could not learn the os version

2025-08-16 00:36:25,214: %UNICON-INFO: +++ sw2-1 with via 'cli': configure +++
config term
Enter configuration commands, one per line.  End with CNTL/Z.
sw2-1(config)#interface Loopback0
sw2-1(config-if)# description configured via pipeline
sw2-1(config-if)#end
sw2-1#
